<?xml version='1.0' encoding='UTF-8'?>
<testsuite hostname="PageWUs-MacBook-Air.local" name="raft.CommitEntrySpec" tests="1" errors="0" failures="0" skipped="0" time="0.003" timestamp="2025-05-14T21:00:36">
          <properties>
[...]
</properties>
          <testcase classname="raft.CommitEntrySpec" name="A Leader should advance commitIndex and apply entry after quorum Ack" time="0.003">
                      
                    </testcase>
          <system-out><![CDATA[]]></system-out>
          <system-err><![CDATA[]]></system-err>
        </testsuite>